<?xml version="1.0" encoding="UTF-8"?>
<!-- Generated by org.testng.reporters.JUnitReportReporter -->
<testsuite hostname="PSHYS0225" name="test.ClassA" tests="1" failures="0" timestamp="27 Apr 2016 11:12:42 GMT" time="4.471" errors="0">
  <testcase name="m1" time="4.471" classname="test.ClassA"/>
</testsuite> <!-- test.ClassA -->
